Copyright 1986-2022 Xilinx, Inc. All Rights Reserved.
------------------------------------------------------------------------------------------------------------------------------------------------------------------------------------------------------------------------------
| Tool Version : Vivado v.2022.2 (win64) Build 3671981 Fri Oct 14 05:00:03 MDT 2022
| Date         : Sun Jan 19 16:26:02 2025
| Host         : DESKTOP-L3PC7P5 running 64-bit major release  (build 9200)
| Command      : report_timing_summary -max_paths 10 -report_unconstrained -file prior_encod_timing_summary_routed.rpt -pb prior_encod_timing_summary_routed.pb -rpx prior_encod_timing_summary_routed.rpx -warn_on_violation
| Design       : prior_encod
| Device       : 7a35t-cpg236
| Speed File   : -1  PRODUCTION 1.23 2018-06-13
------------------------------------------------------------------------------------------------------------------------------------------------------------------------------------------------------------------------------

Timing Summary Report

------------------------------------------------------------------------------------------------
| Timer Settings
| --------------
------------------------------------------------------------------------------------------------

  Enable Multi Corner Analysis               :  Yes
  Enable Pessimism Removal                   :  Yes
  Pessimism Removal Resolution               :  Nearest Common Node
  Enable Input Delay Default Clock           :  No
  Enable Preset / Clear Arcs                 :  No
  Disable Flight Delays                      :  No
  Ignore I/O Paths                           :  No
  Timing Early Launch at Borrowing Latches   :  No
  Borrow Time for Max Delay Exceptions       :  Yes
  Merge Timing Exceptions                    :  Yes

  Corner  Analyze    Analyze    
  Name    Max Paths  Min Paths  
  ------  ---------  ---------  
  Slow    Yes        Yes        
  Fast    Yes        Yes        


------------------------------------------------------------------------------------------------
| Report Methodology
| ------------------
------------------------------------------------------------------------------------------------

No report available as report_methodology has not been run prior. Run report_methodology on the current design for the summary of methodology violations.



check_timing report

Table of Contents
-----------------
1. checking no_clock (0)
2. checking constant_clock (0)
3. checking pulse_width_clock (0)
4. checking unconstrained_internal_endpoints (0)
5. checking no_input_delay (0)
6. checking no_output_delay (0)
7. checking multiple_clock (0)
8. checking generated_clocks (0)
9. checking loops (0)
10. checking partial_input_delay (0)
11. checking partial_output_delay (0)
12. checking latch_loops (0)

1. checking no_clock (0)
------------------------
 There are 0 register/latch pins with no clock.


2. checking constant_clock (0)
------------------------------
 There are 0 register/latch pins with constant_clock.


3. checking pulse_width_clock (0)
---------------------------------
 There are 0 register/latch pins which need pulse_width check


4. checking unconstrained_internal_endpoints (0)
------------------------------------------------
 There are 0 pins that are not constrained for maximum delay.

 There are 0 pins that are not constrained for maximum delay due to constant clock.


5. checking no_input_delay (0)
------------------------------
 There are 0 input ports with no input delay specified.

 There are 0 input ports with no input delay but user has a false path constraint.


6. checking no_output_delay (0)
-------------------------------
 There are 0 ports with no output delay specified.

 There are 0 ports with no output delay but user has a false path constraint

 There are 0 ports with no output delay but with a timing clock defined on it or propagating through it


7. checking multiple_clock (0)
------------------------------
 There are 0 register/latch pins with multiple clocks.


8. checking generated_clocks (0)
--------------------------------
 There are 0 generated clocks that are not connected to a clock source.


9. checking loops (0)
---------------------
 There are 0 combinational loops in the design.


10. checking partial_input_delay (0)
------------------------------------
 There are 0 input ports with partial input delay specified.


11. checking partial_output_delay (0)
-------------------------------------
 There are 0 ports with partial output delay specified.


12. checking latch_loops (0)
----------------------------
 There are 0 combinational latch loops in the design through latch input



------------------------------------------------------------------------------------------------
| Design Timing Summary
| ---------------------
------------------------------------------------------------------------------------------------

    WNS(ns)      TNS(ns)  TNS Failing Endpoints  TNS Total Endpoints      WHS(ns)      THS(ns)  THS Failing Endpoints  THS Total Endpoints     WPWS(ns)     TPWS(ns)  TPWS Failing Endpoints  TPWS Total Endpoints  
    -------      -------  ---------------------  -------------------      -------      -------  ---------------------  -------------------     --------     --------  ----------------------  --------------------  
        inf        0.000                      0                    3          inf        0.000                      0                    3           NA           NA                      NA                    NA  


There are no user specified timing constraints.


------------------------------------------------------------------------------------------------
| Clock Summary
| -------------
------------------------------------------------------------------------------------------------


------------------------------------------------------------------------------------------------
| Intra Clock Table
| -----------------
------------------------------------------------------------------------------------------------

Clock             WNS(ns)      TNS(ns)  TNS Failing Endpoints  TNS Total Endpoints      WHS(ns)      THS(ns)  THS Failing Endpoints  THS Total Endpoints     WPWS(ns)     TPWS(ns)  TPWS Failing Endpoints  TPWS Total Endpoints  
-----             -------      -------  ---------------------  -------------------      -------      -------  ---------------------  -------------------     --------     --------  ----------------------  --------------------  


------------------------------------------------------------------------------------------------
| Inter Clock Table
| -----------------
------------------------------------------------------------------------------------------------

From Clock    To Clock          WNS(ns)      TNS(ns)  TNS Failing Endpoints  TNS Total Endpoints      WHS(ns)      THS(ns)  THS Failing Endpoints  THS Total Endpoints  
----------    --------          -------      -------  ---------------------  -------------------      -------      -------  ---------------------  -------------------  


------------------------------------------------------------------------------------------------
| Other Path Groups Table
| -----------------------
------------------------------------------------------------------------------------------------

Path Group    From Clock    To Clock          WNS(ns)      TNS(ns)  TNS Failing Endpoints  TNS Total Endpoints      WHS(ns)      THS(ns)  THS Failing Endpoints  THS Total Endpoints  
----------    ----------    --------          -------      -------  ---------------------  -------------------      -------      -------  ---------------------  -------------------  


------------------------------------------------------------------------------------------------
| User Ignored Path Table
| -----------------------
------------------------------------------------------------------------------------------------

Path Group    From Clock    To Clock    
----------    ----------    --------    


------------------------------------------------------------------------------------------------
| Unconstrained Path Table
| ------------------------
------------------------------------------------------------------------------------------------

Path Group    From Clock    To Clock    
----------    ----------    --------    
(none)                                    


------------------------------------------------------------------------------------------------
| Timing Details
| --------------
------------------------------------------------------------------------------------------------


--------------------------------------------------------------------------------------
Path Group:  (none)
From Clock:  
  To Clock:  

Max Delay             3 Endpoints
Min Delay             3 Endpoints
--------------------------------------------------------------------------------------


Max Delay Paths
--------------------------------------------------------------------------------------
Slack:                    inf
  Source:                 in[2]
                            (input port)
  Destination:            valid
                            (output port)
  Path Group:             (none)
  Path Type:              Max at Slow Process Corner
  Data Path Delay:        12.005ns  (logic 5.109ns (42.558%)  route 6.896ns (57.442%))
  Logic Levels:           3  (IBUF=1 LUT3=1 OBUF=1)

    Location             Delay type                Incr(ns)  Path(ns)    Netlist Resource(s)
  -------------------------------------------------------------------    -------------------
    W16                                               0.000     0.000 r  in[2] (IN)
                         net (fo=0)                   0.000     0.000    in[2]
    W16                  IBUF (Prop_ibuf_I_O)         1.464     1.464 r  in_IBUF[2]_inst/O
                         net (fo=3, routed)           1.224     2.688    out_OBUF[1]
    SLICE_X0Y12          LUT3 (Prop_lut3_I0_O)        0.124     2.812 r  valid_OBUF_inst_i_1/O
                         net (fo=1, routed)           5.672     8.484    valid_OBUF
    L1                   OBUF (Prop_obuf_I_O)         3.521    12.005 r  valid_OBUF_inst/O
                         net (fo=0)                   0.000    12.005    valid
    L1                                                                r  valid (OUT)
  -------------------------------------------------------------------    -------------------

Slack:                    inf
  Source:                 in[2]
                            (input port)
  Destination:            out[0]
                            (output port)
  Path Group:             (none)
  Path Type:              Max at Slow Process Corner
  Data Path Delay:        8.627ns  (logic 5.322ns (61.686%)  route 3.305ns (38.314%))
  Logic Levels:           3  (IBUF=1 LUT2=1 OBUF=1)

    Location             Delay type                Incr(ns)  Path(ns)    Netlist Resource(s)
  -------------------------------------------------------------------    -------------------
    W16                                               0.000     0.000 f  in[2] (IN)
                         net (fo=0)                   0.000     0.000    in[2]
    W16                  IBUF (Prop_ibuf_I_O)         1.464     1.464 f  in_IBUF[2]_inst/O
                         net (fo=3, routed)           1.224     2.688    out_OBUF[1]
    SLICE_X0Y12          LUT2 (Prop_lut2_I1_O)        0.150     2.838 r  out_OBUF[0]_inst_i_1/O
                         net (fo=1, routed)           2.081     4.919    out_OBUF[0]
    U14                  OBUF (Prop_obuf_I_O)         3.708     8.627 r  out_OBUF[0]_inst/O
                         net (fo=0)                   0.000     8.627    out[0]
    U14                                                               r  out[0] (OUT)
  -------------------------------------------------------------------    -------------------

Slack:                    inf
  Source:                 in[2]
                            (input port)
  Destination:            out[1]
                            (output port)
  Path Group:             (none)
  Path Type:              Max at Slow Process Corner
  Data Path Delay:        8.140ns  (logic 4.994ns (61.342%)  route 3.147ns (38.658%))
  Logic Levels:           2  (IBUF=1 OBUF=1)

    Location             Delay type                Incr(ns)  Path(ns)    Netlist Resource(s)
  -------------------------------------------------------------------    -------------------
    W16                                               0.000     0.000 r  in[2] (IN)
                         net (fo=0)                   0.000     0.000    in[2]
    W16                  IBUF (Prop_ibuf_I_O)         1.464     1.464 r  in_IBUF[2]_inst/O
                         net (fo=3, routed)           3.147     4.611    out_OBUF[1]
    E19                  OBUF (Prop_obuf_I_O)         3.530     8.140 r  out_OBUF[1]_inst/O
                         net (fo=0)                   0.000     8.140    out[1]
    E19                                                               r  out[1] (OUT)
  -------------------------------------------------------------------    -------------------





Min Delay Paths
--------------------------------------------------------------------------------------
Slack:                    inf
  Source:                 in[1]
                            (input port)
  Destination:            out[0]
                            (output port)
  Path Group:             (none)
  Path Type:              Min at Fast Process Corner
  Data Path Delay:        2.392ns  (logic 1.547ns (64.671%)  route 0.845ns (35.329%))
  Logic Levels:           3  (IBUF=1 LUT2=1 OBUF=1)

    Location             Delay type                Incr(ns)  Path(ns)    Netlist Resource(s)
  -------------------------------------------------------------------    -------------------
    V16                                               0.000     0.000 r  in[1] (IN)
                         net (fo=0)                   0.000     0.000    in[1]
    V16                  IBUF (Prop_ibuf_I_O)         0.229     0.229 r  in_IBUF[1]_inst/O
                         net (fo=2, routed)           0.335     0.564    in_IBUF[1]
    SLICE_X0Y12          LUT2 (Prop_lut2_I0_O)        0.048     0.612 r  out_OBUF[0]_inst_i_1/O
                         net (fo=1, routed)           0.510     1.122    out_OBUF[0]
    U14                  OBUF (Prop_obuf_I_O)         1.269     2.392 r  out_OBUF[0]_inst/O
                         net (fo=0)                   0.000     2.392    out[0]
    U14                                                               r  out[0] (OUT)
  -------------------------------------------------------------------    -------------------

Slack:                    inf
  Source:                 in[2]
                            (input port)
  Destination:            out[1]
                            (output port)
  Path Group:             (none)
  Path Type:              Min at Fast Process Corner
  Data Path Delay:        2.404ns  (logic 1.462ns (60.823%)  route 0.942ns (39.177%))
  Logic Levels:           2  (IBUF=1 OBUF=1)

    Location             Delay type                Incr(ns)  Path(ns)    Netlist Resource(s)
  -------------------------------------------------------------------    -------------------
    W16                                               0.000     0.000 r  in[2] (IN)
                         net (fo=0)                   0.000     0.000    in[2]
    W16                  IBUF (Prop_ibuf_I_O)         0.232     0.232 r  in_IBUF[2]_inst/O
                         net (fo=3, routed)           0.942     1.174    out_OBUF[1]
    E19                  OBUF (Prop_obuf_I_O)         1.231     2.404 r  out_OBUF[1]_inst/O
                         net (fo=0)                   0.000     2.404    out[1]
    E19                                                               r  out[1] (OUT)
  -------------------------------------------------------------------    -------------------

Slack:                    inf
  Source:                 in[1]
                            (input port)
  Destination:            valid
                            (output port)
  Path Group:             (none)
  Path Type:              Min at Fast Process Corner
  Data Path Delay:        4.121ns  (logic 1.497ns (36.317%)  route 2.625ns (63.683%))
  Logic Levels:           3  (IBUF=1 LUT3=1 OBUF=1)

    Location             Delay type                Incr(ns)  Path(ns)    Netlist Resource(s)
  -------------------------------------------------------------------    -------------------
    V16                                               0.000     0.000 r  in[1] (IN)
                         net (fo=0)                   0.000     0.000    in[1]
    V16                  IBUF (Prop_ibuf_I_O)         0.229     0.229 r  in_IBUF[1]_inst/O
                         net (fo=2, routed)           0.335     0.564    in_IBUF[1]
    SLICE_X0Y12          LUT3 (Prop_lut3_I2_O)        0.045     0.609 r  valid_OBUF_inst_i_1/O
                         net (fo=1, routed)           2.290     2.899    valid_OBUF
    L1                   OBUF (Prop_obuf_I_O)         1.222     4.121 r  valid_OBUF_inst/O
                         net (fo=0)                   0.000     4.121    valid
    L1                                                                r  valid (OUT)
  -------------------------------------------------------------------    -------------------





